[debug] [2026-03-15T17:07:59.227Z] ----------------------------------------------------------------------
[debug] [2026-03-15T17:07:59.234Z] Command:       C:\Program Files\nodejs\node.exe C:\Users\Kim Eunji\AppData\Roaming\npm\node_modules\firebase-tools\lib\bin\firebase.js init firestore
[debug] [2026-03-15T17:07:59.234Z] CLI Version:   15.10.0
[debug] [2026-03-15T17:07:59.234Z] Platform:      win32
[debug] [2026-03-15T17:07:59.234Z] Node Version:  v24.14.0
[debug] [2026-03-15T17:07:59.235Z] Time:          Mon Mar 16 2026 02:07:59 GMT+0900 (한국 표준시)
[debug] [2026-03-15T17:07:59.235Z] ----------------------------------------------------------------------
[debug] 
[info] 
     ######## #### ########  ######## ########     ###     ######  ########
     ##        ##  ##     ## ##       ##     ##  ##   ##  ##       ##
     ######    ##  ########  ######   ########  #########  ######  ######
     ##        ##  ##    ##  ##       ##     ## ##     ##       ## ##
     ##       #### ##     ## ######## ########  ##     ##  ######  ########

You're about to initialize a Firebase project in this directory:

  D:\회사자료\ANN\개발\03.annverify.ai\frontend

[info] 
=== Project Setup
[info] 
[info] First, let's associate this project directory with a Firebase project.
[info] You can create multiple project aliases by running firebase use --add, 
[info] 
[info] i  If you want to create a project in a Google Cloud organization or folder, please use "firebase projects:create" instead, and return to this command when you've created the project. 
[debug] [2026-03-16T00:43:23.574Z] > command requires scopes: ["email","openid","https://www.googleapis.com/auth/cloudplatformprojects.readonly","https://www.googleapis.com/auth/firebase","https://www.googleapis.com/auth/cloud-platform"]
[debug] [2026-03-16T00:43:23.574Z] > authorizing via signed-in user (baekjune21@gmail.com)
